#! /c/Source/iverilog-install/bin/vvp
:ivl_version "12.0 (devel)" "(s20150603-1539-g2693dd32b)";
:ivl_delay_selection "TYPICAL";
:vpi_time_precision - 9;
:vpi_module "C:\iverilog\lib\ivl\system.vpi";
:vpi_module "C:\iverilog\lib\ivl\vhdl_sys.vpi";
:vpi_module "C:\iverilog\lib\ivl\vhdl_textio.vpi";
:vpi_module "C:\iverilog\lib\ivl\v2005_math.vpi";
:vpi_module "C:\iverilog\lib\ivl\va_math.vpi";
S_00000277061b9cd0 .scope module, "tb_instfetch" "tb_instfetch" 2 4;
 .timescale -9 -9;
v00000277061c35b0_0 .var "address", 5 0;
v00000277061c2ed0_0 .var "enable", 0 0;
v00000277061c3830_0 .var "incPC", 0 0;
v00000277061c3650_0 .net "instruction", 15 0, v00000277061bc5a0_0;  1 drivers
v00000277061c38d0_0 .var "loadPC", 0 0;
v00000277061c2f70_0 .var "reset", 0 0;
S_00000277061caf60 .scope module, "uut" "instfetch" 2 12, 3 5 0, S_00000277061b9cd0;
 .timescale -9 -9;
    .port_info 0 /INPUT 1 "loadPC";
    .port_info 1 /INPUT 1 "incPC";
    .port_info 2 /INPUT 6 "address";
    .port_info 3 /INPUT 1 "reset";
    .port_info 4 /INPUT 1 "enable";
    .port_info 5 /OUTPUT 16 "instruction";
v00000277061bb7d0_0 .net "address", 5 0, v00000277061c35b0_0;  1 drivers
v00000277061bb870_0 .net "enable", 0 0, v00000277061c2ed0_0;  1 drivers
v00000277061bb910_0 .net "execadd", 5 0, v00000277061c7c00_0;  1 drivers
v00000277061bb9b0_0 .net "incPC", 0 0, v00000277061c3830_0;  1 drivers
v00000277061bba50_0 .net "instruction", 15 0, v00000277061bc5a0_0;  alias, 1 drivers
v00000277061c2cf0_0 .net "loadPC", 0 0, v00000277061c38d0_0;  1 drivers
v00000277061c3510_0 .net "reset", 0 0, v00000277061c2f70_0;  1 drivers
S_00000277061cb0f0 .scope module, "instmem_inst" "instmem" 3 25, 4 2 0, S_00000277061caf60;
 .timescale -9 -9;
    .port_info 0 /OUTPUT 16 "instruction";
    .port_info 1 /INPUT 6 "pc";
    .port_info 2 /INPUT 1 "reset";
    .port_info 3 /INPUT 1 "enable";
v00000277062a69d0_0 .net "enable", 0 0, v00000277061c2ed0_0;  alias, 1 drivers
v00000277062a67b0 .array "instrmem", 63 0, 15 0;
v00000277061bc5a0_0 .var "instruction", 15 0;
v00000277061b9e60_0 .net "pc", 5 0, v00000277061c7c00_0;  alias, 1 drivers
v00000277061cb280_0 .net "reset", 0 0, v00000277061c2f70_0;  alias, 1 drivers
v00000277062a67b0_0 .array/port v00000277062a67b0, 0;
E_00000277061b4c50/0 .event anyedge, v00000277061cb280_0, v00000277062a69d0_0, v00000277061b9e60_0, v00000277062a67b0_0;
v00000277062a67b0_1 .array/port v00000277062a67b0, 1;
v00000277062a67b0_2 .array/port v00000277062a67b0, 2;
v00000277062a67b0_3 .array/port v00000277062a67b0, 3;
v00000277062a67b0_4 .array/port v00000277062a67b0, 4;
E_00000277061b4c50/1 .event anyedge, v00000277062a67b0_1, v00000277062a67b0_2, v00000277062a67b0_3, v00000277062a67b0_4;
v00000277062a67b0_5 .array/port v00000277062a67b0, 5;
v00000277062a67b0_6 .array/port v00000277062a67b0, 6;
v00000277062a67b0_7 .array/port v00000277062a67b0, 7;
v00000277062a67b0_8 .array/port v00000277062a67b0, 8;
E_00000277061b4c50/2 .event anyedge, v00000277062a67b0_5, v00000277062a67b0_6, v00000277062a67b0_7, v00000277062a67b0_8;
v00000277062a67b0_9 .array/port v00000277062a67b0, 9;
v00000277062a67b0_10 .array/port v00000277062a67b0, 10;
v00000277062a67b0_11 .array/port v00000277062a67b0, 11;
v00000277062a67b0_12 .array/port v00000277062a67b0, 12;
E_00000277061b4c50/3 .event anyedge, v00000277062a67b0_9, v00000277062a67b0_10, v00000277062a67b0_11, v00000277062a67b0_12;
v00000277062a67b0_13 .array/port v00000277062a67b0, 13;
v00000277062a67b0_14 .array/port v00000277062a67b0, 14;
v00000277062a67b0_15 .array/port v00000277062a67b0, 15;
v00000277062a67b0_16 .array/port v00000277062a67b0, 16;
E_00000277061b4c50/4 .event anyedge, v00000277062a67b0_13, v00000277062a67b0_14, v00000277062a67b0_15, v00000277062a67b0_16;
v00000277062a67b0_17 .array/port v00000277062a67b0, 17;
v00000277062a67b0_18 .array/port v00000277062a67b0, 18;
v00000277062a67b0_19 .array/port v00000277062a67b0, 19;
v00000277062a67b0_20 .array/port v00000277062a67b0, 20;
E_00000277061b4c50/5 .event anyedge, v00000277062a67b0_17, v00000277062a67b0_18, v00000277062a67b0_19, v00000277062a67b0_20;
v00000277062a67b0_21 .array/port v00000277062a67b0, 21;
v00000277062a67b0_22 .array/port v00000277062a67b0, 22;
v00000277062a67b0_23 .array/port v00000277062a67b0, 23;
v00000277062a67b0_24 .array/port v00000277062a67b0, 24;
E_00000277061b4c50/6 .event anyedge, v00000277062a67b0_21, v00000277062a67b0_22, v00000277062a67b0_23, v00000277062a67b0_24;
v00000277062a67b0_25 .array/port v00000277062a67b0, 25;
v00000277062a67b0_26 .array/port v00000277062a67b0, 26;
v00000277062a67b0_27 .array/port v00000277062a67b0, 27;
v00000277062a67b0_28 .array/port v00000277062a67b0, 28;
E_00000277061b4c50/7 .event anyedge, v00000277062a67b0_25, v00000277062a67b0_26, v00000277062a67b0_27, v00000277062a67b0_28;
v00000277062a67b0_29 .array/port v00000277062a67b0, 29;
v00000277062a67b0_30 .array/port v00000277062a67b0, 30;
v00000277062a67b0_31 .array/port v00000277062a67b0, 31;
v00000277062a67b0_32 .array/port v00000277062a67b0, 32;
E_00000277061b4c50/8 .event anyedge, v00000277062a67b0_29, v00000277062a67b0_30, v00000277062a67b0_31, v00000277062a67b0_32;
v00000277062a67b0_33 .array/port v00000277062a67b0, 33;
v00000277062a67b0_34 .array/port v00000277062a67b0, 34;
v00000277062a67b0_35 .array/port v00000277062a67b0, 35;
v00000277062a67b0_36 .array/port v00000277062a67b0, 36;
E_00000277061b4c50/9 .event anyedge, v00000277062a67b0_33, v00000277062a67b0_34, v00000277062a67b0_35, v00000277062a67b0_36;
v00000277062a67b0_37 .array/port v00000277062a67b0, 37;
v00000277062a67b0_38 .array/port v00000277062a67b0, 38;
v00000277062a67b0_39 .array/port v00000277062a67b0, 39;
v00000277062a67b0_40 .array/port v00000277062a67b0, 40;
E_00000277061b4c50/10 .event anyedge, v00000277062a67b0_37, v00000277062a67b0_38, v00000277062a67b0_39, v00000277062a67b0_40;
v00000277062a67b0_41 .array/port v00000277062a67b0, 41;
v00000277062a67b0_42 .array/port v00000277062a67b0, 42;
v00000277062a67b0_43 .array/port v00000277062a67b0, 43;
v00000277062a67b0_44 .array/port v00000277062a67b0, 44;
E_00000277061b4c50/11 .event anyedge, v00000277062a67b0_41, v00000277062a67b0_42, v00000277062a67b0_43, v00000277062a67b0_44;
v00000277062a67b0_45 .array/port v00000277062a67b0, 45;
v00000277062a67b0_46 .array/port v00000277062a67b0, 46;
v00000277062a67b0_47 .array/port v00000277062a67b0, 47;
v00000277062a67b0_48 .array/port v00000277062a67b0, 48;
E_00000277061b4c50/12 .event anyedge, v00000277062a67b0_45, v00000277062a67b0_46, v00000277062a67b0_47, v00000277062a67b0_48;
v00000277062a67b0_49 .array/port v00000277062a67b0, 49;
v00000277062a67b0_50 .array/port v00000277062a67b0, 50;
v00000277062a67b0_51 .array/port v00000277062a67b0, 51;
v00000277062a67b0_52 .array/port v00000277062a67b0, 52;
E_00000277061b4c50/13 .event anyedge, v00000277062a67b0_49, v00000277062a67b0_50, v00000277062a67b0_51, v00000277062a67b0_52;
v00000277062a67b0_53 .array/port v00000277062a67b0, 53;
v00000277062a67b0_54 .array/port v00000277062a67b0, 54;
v00000277062a67b0_55 .array/port v00000277062a67b0, 55;
v00000277062a67b0_56 .array/port v00000277062a67b0, 56;
E_00000277061b4c50/14 .event anyedge, v00000277062a67b0_53, v00000277062a67b0_54, v00000277062a67b0_55, v00000277062a67b0_56;
v00000277062a67b0_57 .array/port v00000277062a67b0, 57;
v00000277062a67b0_58 .array/port v00000277062a67b0, 58;
v00000277062a67b0_59 .array/port v00000277062a67b0, 59;
v00000277062a67b0_60 .array/port v00000277062a67b0, 60;
E_00000277061b4c50/15 .event anyedge, v00000277062a67b0_57, v00000277062a67b0_58, v00000277062a67b0_59, v00000277062a67b0_60;
v00000277062a67b0_61 .array/port v00000277062a67b0, 61;
v00000277062a67b0_62 .array/port v00000277062a67b0, 62;
v00000277062a67b0_63 .array/port v00000277062a67b0, 63;
E_00000277061b4c50/16 .event anyedge, v00000277062a67b0_61, v00000277062a67b0_62, v00000277062a67b0_63;
E_00000277061b4c50 .event/or E_00000277061b4c50/0, E_00000277061b4c50/1, E_00000277061b4c50/2, E_00000277061b4c50/3, E_00000277061b4c50/4, E_00000277061b4c50/5, E_00000277061b4c50/6, E_00000277061b4c50/7, E_00000277061b4c50/8, E_00000277061b4c50/9, E_00000277061b4c50/10, E_00000277061b4c50/11, E_00000277061b4c50/12, E_00000277061b4c50/13, E_00000277061b4c50/14, E_00000277061b4c50/15, E_00000277061b4c50/16;
S_00000277061c7a70 .scope module, "pc_inst" "pc" 3 17, 5 3 0, S_00000277061caf60;
 .timescale -9 -9;
    .port_info 0 /INPUT 1 "loadPC";
    .port_info 1 /INPUT 1 "incPC";
    .port_info 2 /INPUT 6 "address";
    .port_info 3 /OUTPUT 6 "execadd";
v00000277061cb320_0 .net "address", 5 0, v00000277061c35b0_0;  alias, 1 drivers
v00000277061c7c00_0 .var "execadd", 5 0;
v00000277061c7ca0_0 .net "incPC", 0 0, v00000277061c3830_0;  alias, 1 drivers
v00000277061c7d40_0 .net "loadPC", 0 0, v00000277061c38d0_0;  alias, 1 drivers
v00000277061c7de0_0 .var "temp", 5 0;
E_00000277061b4790 .event anyedge, v00000277061c7d40_0, v00000277061c7ca0_0, v00000277061cb320_0, v00000277061c7de0_0;
    .scope S_00000277061c7a70;
T_0 ;
    %wait E_00000277061b4790;
    %load/vec4 v00000277061c7d40_0;
    %pad/u 32;
    %cmpi/e 1, 0, 32;
    %flag_get/vec4 4;
    %jmp/0 T_0.2, 4;
    %load/vec4 v00000277061c7ca0_0;
    %pad/u 32;
    %pushi/vec4 0, 0, 32;
    %cmp/e;
    %flag_get/vec4 4;
    %and;
T_0.2;
    %flag_set/vec4 8;
    %jmp/0xz  T_0.0, 8;
    %load/vec4 v00000277061cb320_0;
    %store/vec4 v00000277061c7de0_0, 0, 6;
    %jmp T_0.1;
T_0.0 ;
    %load/vec4 v00000277061c7d40_0;
    %pad/u 32;
    %cmpi/e 0, 0, 32;
    %flag_get/vec4 4;
    %jmp/0 T_0.5, 4;
    %load/vec4 v00000277061c7ca0_0;
    %pad/u 32;
    %pushi/vec4 1, 0, 32;
    %cmp/e;
    %flag_get/vec4 4;
    %and;
T_0.5;
    %flag_set/vec4 8;
    %jmp/0xz  T_0.3, 8;
    %load/vec4 v00000277061c7de0_0;
    %addi 1, 0, 6;
    %store/vec4 v00000277061c7de0_0, 0, 6;
    %jmp T_0.4;
T_0.3 ;
    %load/vec4 v00000277061c7d40_0;
    %pad/u 32;
    %cmpi/e 0, 0, 32;
    %flag_get/vec4 4;
    %jmp/0 T_0.8, 4;
    %load/vec4 v00000277061c7ca0_0;
    %pad/u 32;
    %pushi/vec4 0, 0, 32;
    %cmp/e;
    %flag_get/vec4 4;
    %and;
T_0.8;
    %flag_set/vec4 8;
    %jmp/0xz  T_0.6, 8;
    %pushi/vec4 0, 0, 6;
    %store/vec4 v00000277061c7de0_0, 0, 6;
T_0.6 ;
T_0.4 ;
T_0.1 ;
    %load/vec4 v00000277061c7de0_0;
    %store/vec4 v00000277061c7c00_0, 0, 6;
    %jmp T_0;
    .thread T_0, $push;
    .scope S_00000277061cb0f0;
T_1 ;
    %wait E_00000277061b4c50;
    %load/vec4 v00000277061cb280_0;
    %flag_set/vec4 8;
    %jmp/0xz  T_1.0, 8;
    %pushi/vec4 0, 0, 16;
    %assign/vec4 v00000277061bc5a0_0, 0;
    %jmp T_1.1;
T_1.0 ;
    %load/vec4 v00000277062a69d0_0;
    %flag_set/vec4 8;
    %jmp/0xz  T_1.2, 8;
    %load/vec4 v00000277061b9e60_0;
    %pad/u 8;
    %ix/vec4 4;
    %load/vec4a v00000277062a67b0, 4;
    %assign/vec4 v00000277061bc5a0_0, 0;
T_1.2 ;
T_1.1 ;
    %jmp T_1;
    .thread T_1, $push;
    .scope S_00000277061cb0f0;
T_2 ;
    %vpi_call 4 19 "$readmemb", "instruct.txt", v00000277062a67b0 {0 0 0};
    %end;
    .thread T_2;
    .scope S_00000277061b9cd0;
T_3 ;
    %pushi/vec4 0, 0, 1;
    %store/vec4 v00000277061c38d0_0, 0, 1;
    %pushi/vec4 0, 0, 1;
    %store/vec4 v00000277061c3830_0, 0, 1;
    %pushi/vec4 0, 0, 6;
    %store/vec4 v00000277061c35b0_0, 0, 6;
    %pushi/vec4 0, 0, 1;
    %store/vec4 v00000277061c2f70_0, 0, 1;
    %pushi/vec4 0, 0, 1;
    %store/vec4 v00000277061c2ed0_0, 0, 1;
    %delay 10, 0;
    %pushi/vec4 1, 0, 1;
    %store/vec4 v00000277061c2f70_0, 0, 1;
    %delay 10, 0;
    %pushi/vec4 0, 0, 1;
    %store/vec4 v00000277061c2f70_0, 0, 1;
    %pushi/vec4 1, 0, 1;
    %store/vec4 v00000277061c2ed0_0, 0, 1;
    %pushi/vec4 7, 0, 6;
    %store/vec4 v00000277061c35b0_0, 0, 6;
    %pushi/vec4 1, 0, 1;
    %store/vec4 v00000277061c38d0_0, 0, 1;
    %pushi/vec4 0, 0, 1;
    %store/vec4 v00000277061c3830_0, 0, 1;
    %delay 10, 0;
    %vpi_call 2 41 "$display", "Fetched instruction at address %b: %b", v00000277061c35b0_0, v00000277061c3650_0 {0 0 0};
    %pushi/vec4 0, 0, 1;
    %store/vec4 v00000277061c38d0_0, 0, 1;
    %pushi/vec4 1, 0, 1;
    %store/vec4 v00000277061c3830_0, 0, 1;
    %delay 10, 0;
    %vpi_call 2 47 "$display", "Fetched instruction at incremented PC: %b", v00000277061c3650_0 {0 0 0};
    %pushi/vec4 0, 0, 1;
    %store/vec4 v00000277061c3830_0, 0, 1;
    %delay 10, 0;
    %vpi_call 2 52 "$display", "Fetched instruction at reset PC: %b", v00000277061c3650_0 {0 0 0};
    %vpi_call 2 54 "$finish" {0 0 0};
    %end;
    .thread T_3;
    .scope S_00000277061b9cd0;
T_4 ;
    %vpi_call 2 59 "$readmemb", "instruct.txt", v00000277062a67b0 {0 0 0};
    %end;
    .thread T_4;
# The file index is used to find the file name in the following table.
:file_names 6;
    "N/A";
    "<interactive>";
    "instfetchtb.v";
    "./instfetch.v";
    "./instmem.v";
    "./pc.v";
