#! /c/Source/iverilog-install/bin/vvp
:ivl_version "12.0 (devel)" "(s20150603-1539-g2693dd32b)";
:ivl_delay_selection "TYPICAL";
:vpi_time_precision - 9;
:vpi_module "C:\iverilog\lib\ivl\system.vpi";
:vpi_module "C:\iverilog\lib\ivl\vhdl_sys.vpi";
:vpi_module "C:\iverilog\lib\ivl\vhdl_textio.vpi";
:vpi_module "C:\iverilog\lib\ivl\v2005_math.vpi";
:vpi_module "C:\iverilog\lib\ivl\va_math.vpi";
S_0000028ccf023960 .scope module, "Decoder_tb" "Decoder_tb" 2 3;
 .timescale -8 -9;
v0000028ccf09c2a0_0 .net "addressing_mode", 0 0, v0000028ccf024310_0;  1 drivers
v0000028ccf09c340_0 .var "clk", 0 0;
v0000028ccf09c3e0_0 .net "data_mem", 3 0, v0000028ccefd6530_0;  1 drivers
v0000028ccf09c480_0 .var/i "infile", 31 0;
v0000028ccf09c520_0 .var "instruction", 15 0;
v0000028ccf09c9d0_0 .net "instruction_mem", 5 0, v0000028ccf023e70_0;  1 drivers
v0000028ccf09cc50_0 .net "opcode", 4 0, v0000028ccf0429f0_0;  1 drivers
v0000028ccf09c930_0 .var/i "outfile", 31 0;
v0000028ccf09d290_0 .var/i "r", 31 0;
v0000028ccf09d470_0 .net "rd", 2 0, v0000028ccf042a90_0;  1 drivers
v0000028ccf09cbb0_0 .net "rs1", 2 0, v0000028ccf09c020_0;  1 drivers
v0000028ccf09ccf0_0 .net "rs2", 2 0, v0000028ccf09c0c0_0;  1 drivers
v0000028ccf09cd90_0 .net "s_r_amount", 2 0, v0000028ccf09c200_0;  1 drivers
S_0000028ccf042320 .scope module, "dut" "Decoder" 2 20, 3 1 0, S_0000028ccf023960;
 .timescale -8 -9;
    .port_info 0 /INPUT 16 "instruction";
    .port_info 1 /OUTPUT 5 "opcode";
    .port_info 2 /OUTPUT 1 "addressing_mode";
    .port_info 3 /OUTPUT 3 "rd";
    .port_info 4 /OUTPUT 3 "rs1";
    .port_info 5 /OUTPUT 3 "rs2";
    .port_info 6 /OUTPUT 4 "data_mem";
    .port_info 7 /OUTPUT 6 "instruction_mem";
    .port_info 8 /OUTPUT 3 "s_r_amount";
    .port_info 9 /INPUT 1 "rst";
P_0000028ccf046300 .param/l "ADD" 0 3 13, C4<00001>;
P_0000028ccf046338 .param/l "AND" 0 3 14, C4<00111>;
P_0000028ccf046370 .param/l "ASHL" 0 3 17, C4<10000>;
P_0000028ccf0463a8 .param/l "ASHR" 0 3 17, C4<10001>;
P_0000028ccf0463e0 .param/l "BAUX" 0 3 18, C4<10111>;
P_0000028ccf046418 .param/l "BC" 0 3 18, C4<10110>;
P_0000028ccf046450 .param/l "BEQZ" 0 3 16, C4<01110>;
P_0000028ccf046488 .param/l "BPAR" 0 3 19, C4<11000>;
P_0000028ccf0464c0 .param/l "COMPARE" 0 3 19, C4<11001>;
P_0000028ccf0464f8 .param/l "DEC" 0 3 14, C4<00110>;
P_0000028ccf046530 .param/l "DIV" 0 3 14, C4<00100>;
P_0000028ccf046568 .param/l "HALT" 0 3 16, C4<11111>;
P_0000028ccf0465a0 .param/l "INC" 0 3 14, C4<00101>;
P_0000028ccf0465d8 .param/l "JUMP" 0 3 16, C4<01101>;
P_0000028ccf046610 .param/l "LOAD" 0 3 15, C4<01011>;
P_0000028ccf046648 .param/l "LSHL" 0 3 17, C4<10010>;
P_0000028ccf046680 .param/l "LSHR" 0 3 17, C4<10011>;
P_0000028ccf0466b8 .param/l "MOVE" 0 3 13, C4<00000>;
P_0000028ccf0466f0 .param/l "MUL" 0 3 13, C4<00011>;
P_0000028ccf046728 .param/l "NOT" 0 3 15, C4<01001>;
P_0000028ccf046760 .param/l "OR" 0 3 15, C4<01000>;
P_0000028ccf046798 .param/l "ROTL" 0 3 18, C4<10100>;
P_0000028ccf0467d0 .param/l "ROTR" 0 3 18, C4<10101>;
P_0000028ccf046808 .param/l "STORE" 0 3 16, C4<01100>;
P_0000028ccf046840 .param/l "SUB" 0 3 13, C4<00010>;
P_0000028ccf046878 .param/l "XOR" 0 3 15, C4<01010>;
v0000028ccf024310_0 .var "addressing_mode", 0 0;
v0000028ccefd6530_0 .var "data_mem", 3 0;
v0000028ccf023dd0_0 .net "instruction", 15 0, v0000028ccf09c520_0;  1 drivers
v0000028ccf023e70_0 .var "instruction_mem", 5 0;
v0000028ccf0429f0_0 .var "opcode", 4 0;
v0000028ccf042a90_0 .var "rd", 2 0;
v0000028ccf09c020_0 .var "rs1", 2 0;
v0000028ccf09c0c0_0 .var "rs2", 2 0;
o0000028ccf046a48 .functor BUFZ 1, C4<z>; HiZ drive
v0000028ccf09c160_0 .net "rst", 0 0, o0000028ccf046a48;  0 drivers
v0000028ccf09c200_0 .var "s_r_amount", 2 0;
E_0000028ccf01d1a0 .event anyedge, v0000028ccf023dd0_0, v0000028ccf09c160_0, v0000028ccf0429f0_0, v0000028ccf024310_0;
    .scope S_0000028ccf042320;
T_0 ;
    %wait E_0000028ccf01d1a0;
    %pushi/vec4 0, 7, 3;
    %store/vec4 v0000028ccf042a90_0, 0, 3;
    %pushi/vec4 0, 7, 3;
    %store/vec4 v0000028ccf09c020_0, 0, 3;
    %pushi/vec4 0, 7, 3;
    %store/vec4 v0000028ccf09c0c0_0, 0, 3;
    %pushi/vec4 0, 15, 4;
    %store/vec4 v0000028ccefd6530_0, 0, 4;
    %pushi/vec4 0, 63, 6;
    %store/vec4 v0000028ccf023e70_0, 0, 6;
    %pushi/vec4 0, 7, 3;
    %store/vec4 v0000028ccf09c200_0, 0, 3;
    %load/vec4 v0000028ccf023dd0_0;
    %parti/s 5, 11, 5;
    %store/vec4 v0000028ccf0429f0_0, 0, 5;
    %load/vec4 v0000028ccf023dd0_0;
    %parti/s 1, 10, 5;
    %store/vec4 v0000028ccf024310_0, 0, 1;
    %load/vec4 v0000028ccf09c160_0;
    %inv;
    %flag_set/vec4 8;
    %jmp/0xz  T_0.0, 8;
    %load/vec4 v0000028ccf0429f0_0;
    %dup/vec4;
    %pushi/vec4 0, 0, 5;
    %cmp/u;
    %jmp/1 T_0.2, 6;
    %dup/vec4;
    %pushi/vec4 1, 0, 5;
    %cmp/u;
    %jmp/1 T_0.3, 6;
    %dup/vec4;
    %pushi/vec4 2, 0, 5;
    %cmp/u;
    %jmp/1 T_0.4, 6;
    %dup/vec4;
    %pushi/vec4 3, 0, 5;
    %cmp/u;
    %jmp/1 T_0.5, 6;
    %dup/vec4;
    %pushi/vec4 4, 0, 5;
    %cmp/u;
    %jmp/1 T_0.6, 6;
    %dup/vec4;
    %pushi/vec4 7, 0, 5;
    %cmp/u;
    %jmp/1 T_0.7, 6;
    %dup/vec4;
    %pushi/vec4 8, 0, 5;
    %cmp/u;
    %jmp/1 T_0.8, 6;
    %dup/vec4;
    %pushi/vec4 10, 0, 5;
    %cmp/u;
    %jmp/1 T_0.9, 6;
    %dup/vec4;
    %pushi/vec4 25, 0, 5;
    %cmp/u;
    %jmp/1 T_0.10, 6;
    %dup/vec4;
    %pushi/vec4 5, 0, 5;
    %cmp/u;
    %jmp/1 T_0.11, 6;
    %dup/vec4;
    %pushi/vec4 6, 0, 5;
    %cmp/u;
    %jmp/1 T_0.12, 6;
    %dup/vec4;
    %pushi/vec4 9, 0, 5;
    %cmp/u;
    %jmp/1 T_0.13, 6;
    %dup/vec4;
    %pushi/vec4 11, 0, 5;
    %cmp/u;
    %jmp/1 T_0.14, 6;
    %dup/vec4;
    %pushi/vec4 12, 0, 5;
    %cmp/u;
    %jmp/1 T_0.15, 6;
    %dup/vec4;
    %pushi/vec4 13, 0, 5;
    %cmp/u;
    %jmp/1 T_0.16, 6;
    %dup/vec4;
    %pushi/vec4 14, 0, 5;
    %cmp/u;
    %jmp/1 T_0.17, 6;
    %dup/vec4;
    %pushi/vec4 22, 0, 5;
    %cmp/u;
    %jmp/1 T_0.18, 6;
    %dup/vec4;
    %pushi/vec4 23, 0, 5;
    %cmp/u;
    %jmp/1 T_0.19, 6;
    %dup/vec4;
    %pushi/vec4 24, 0, 5;
    %cmp/u;
    %jmp/1 T_0.20, 6;
    %dup/vec4;
    %pushi/vec4 16, 0, 5;
    %cmp/u;
    %jmp/1 T_0.21, 6;
    %dup/vec4;
    %pushi/vec4 17, 0, 5;
    %cmp/u;
    %jmp/1 T_0.22, 6;
    %dup/vec4;
    %pushi/vec4 18, 0, 5;
    %cmp/u;
    %jmp/1 T_0.23, 6;
    %dup/vec4;
    %pushi/vec4 19, 0, 5;
    %cmp/u;
    %jmp/1 T_0.24, 6;
    %dup/vec4;
    %pushi/vec4 20, 0, 5;
    %cmp/u;
    %jmp/1 T_0.25, 6;
    %dup/vec4;
    %pushi/vec4 21, 0, 5;
    %cmp/u;
    %jmp/1 T_0.26, 6;
    %pushi/vec4 0, 7, 3;
    %store/vec4 v0000028ccf042a90_0, 0, 3;
    %pushi/vec4 0, 7, 3;
    %store/vec4 v0000028ccf09c020_0, 0, 3;
    %pushi/vec4 0, 7, 3;
    %store/vec4 v0000028ccf09c0c0_0, 0, 3;
    %pushi/vec4 0, 15, 4;
    %store/vec4 v0000028ccefd6530_0, 0, 4;
    %pushi/vec4 0, 63, 6;
    %store/vec4 v0000028ccf023e70_0, 0, 6;
    %pushi/vec4 0, 7, 3;
    %store/vec4 v0000028ccf09c200_0, 0, 3;
    %jmp T_0.28;
T_0.2 ;
    %load/vec4 v0000028ccf024310_0;
    %cmpi/e 0, 0, 1;
    %jmp/0xz  T_0.29, 4;
    %load/vec4 v0000028ccf023dd0_0;
    %parti/s 3, 7, 4;
    %store/vec4 v0000028ccf042a90_0, 0, 3;
    %load/vec4 v0000028ccf023dd0_0;
    %parti/s 3, 4, 4;
    %store/vec4 v0000028ccf09c020_0, 0, 3;
    %jmp T_0.30;
T_0.29 ;
    %load/vec4 v0000028ccf023dd0_0;
    %parti/s 3, 7, 4;
    %store/vec4 v0000028ccf042a90_0, 0, 3;
    %load/vec4 v0000028ccf023dd0_0;
    %parti/s 4, 3, 3;
    %store/vec4 v0000028ccefd6530_0, 0, 4;
T_0.30 ;
    %jmp T_0.28;
T_0.3 ;
    %load/vec4 v0000028ccf024310_0;
    %cmpi/e 0, 0, 1;
    %jmp/0xz  T_0.31, 4;
    %load/vec4 v0000028ccf023dd0_0;
    %parti/s 3, 7, 4;
    %store/vec4 v0000028ccf042a90_0, 0, 3;
    %load/vec4 v0000028ccf023dd0_0;
    %parti/s 3, 4, 4;
    %store/vec4 v0000028ccf09c020_0, 0, 3;
    %load/vec4 v0000028ccf023dd0_0;
    %parti/s 3, 1, 2;
    %store/vec4 v0000028ccf09c0c0_0, 0, 3;
    %jmp T_0.32;
T_0.31 ;
    %load/vec4 v0000028ccf023dd0_0;
    %parti/s 3, 7, 4;
    %store/vec4 v0000028ccf042a90_0, 0, 3;
    %load/vec4 v0000028ccf023dd0_0;
    %parti/s 3, 4, 4;
    %store/vec4 v0000028ccf09c020_0, 0, 3;
    %load/vec4 v0000028ccf023dd0_0;
    %parti/s 4, 0, 2;
    %store/vec4 v0000028ccefd6530_0, 0, 4;
T_0.32 ;
    %jmp T_0.28;
T_0.4 ;
    %load/vec4 v0000028ccf024310_0;
    %cmpi/e 0, 0, 1;
    %jmp/0xz  T_0.33, 4;
    %load/vec4 v0000028ccf023dd0_0;
    %parti/s 3, 7, 4;
    %store/vec4 v0000028ccf042a90_0, 0, 3;
    %load/vec4 v0000028ccf023dd0_0;
    %parti/s 3, 4, 4;
    %store/vec4 v0000028ccf09c020_0, 0, 3;
    %load/vec4 v0000028ccf023dd0_0;
    %parti/s 3, 1, 2;
    %store/vec4 v0000028ccf09c0c0_0, 0, 3;
    %jmp T_0.34;
T_0.33 ;
    %load/vec4 v0000028ccf023dd0_0;
    %parti/s 3, 7, 4;
    %store/vec4 v0000028ccf042a90_0, 0, 3;
    %load/vec4 v0000028ccf023dd0_0;
    %parti/s 3, 4, 4;
    %store/vec4 v0000028ccf09c020_0, 0, 3;
    %load/vec4 v0000028ccf023dd0_0;
    %parti/s 4, 0, 2;
    %store/vec4 v0000028ccefd6530_0, 0, 4;
T_0.34 ;
    %jmp T_0.28;
T_0.5 ;
    %load/vec4 v0000028ccf024310_0;
    %cmpi/e 0, 0, 1;
    %jmp/0xz  T_0.35, 4;
    %load/vec4 v0000028ccf023dd0_0;
    %parti/s 3, 7, 4;
    %store/vec4 v0000028ccf042a90_0, 0, 3;
    %load/vec4 v0000028ccf023dd0_0;
    %parti/s 3, 4, 4;
    %store/vec4 v0000028ccf09c020_0, 0, 3;
    %load/vec4 v0000028ccf023dd0_0;
    %parti/s 3, 1, 2;
    %store/vec4 v0000028ccf09c0c0_0, 0, 3;
    %jmp T_0.36;
T_0.35 ;
    %load/vec4 v0000028ccf023dd0_0;
    %parti/s 3, 7, 4;
    %store/vec4 v0000028ccf042a90_0, 0, 3;
    %load/vec4 v0000028ccf023dd0_0;
    %parti/s 3, 4, 4;
    %store/vec4 v0000028ccf09c020_0, 0, 3;
    %load/vec4 v0000028ccf023dd0_0;
    %parti/s 4, 0, 2;
    %store/vec4 v0000028ccefd6530_0, 0, 4;
T_0.36 ;
    %jmp T_0.28;
T_0.6 ;
    %load/vec4 v0000028ccf024310_0;
    %cmpi/e 0, 0, 1;
    %jmp/0xz  T_0.37, 4;
    %load/vec4 v0000028ccf023dd0_0;
    %parti/s 3, 7, 4;
    %store/vec4 v0000028ccf042a90_0, 0, 3;
    %load/vec4 v0000028ccf023dd0_0;
    %parti/s 3, 4, 4;
    %store/vec4 v0000028ccf09c020_0, 0, 3;
    %load/vec4 v0000028ccf023dd0_0;
    %parti/s 3, 1, 2;
    %store/vec4 v0000028ccf09c0c0_0, 0, 3;
    %jmp T_0.38;
T_0.37 ;
    %load/vec4 v0000028ccf023dd0_0;
    %parti/s 3, 7, 4;
    %store/vec4 v0000028ccf042a90_0, 0, 3;
    %load/vec4 v0000028ccf023dd0_0;
    %parti/s 3, 4, 4;
    %store/vec4 v0000028ccf09c020_0, 0, 3;
    %load/vec4 v0000028ccf023dd0_0;
    %parti/s 4, 0, 2;
    %store/vec4 v0000028ccefd6530_0, 0, 4;
T_0.38 ;
    %jmp T_0.28;
T_0.7 ;
    %load/vec4 v0000028ccf024310_0;
    %cmpi/e 0, 0, 1;
    %jmp/0xz  T_0.39, 4;
    %load/vec4 v0000028ccf023dd0_0;
    %parti/s 3, 7, 4;
    %store/vec4 v0000028ccf042a90_0, 0, 3;
    %load/vec4 v0000028ccf023dd0_0;
    %parti/s 3, 4, 4;
    %store/vec4 v0000028ccf09c020_0, 0, 3;
    %load/vec4 v0000028ccf023dd0_0;
    %parti/s 3, 1, 2;
    %store/vec4 v0000028ccf09c0c0_0, 0, 3;
    %jmp T_0.40;
T_0.39 ;
    %load/vec4 v0000028ccf023dd0_0;
    %parti/s 3, 7, 4;
    %store/vec4 v0000028ccf042a90_0, 0, 3;
    %load/vec4 v0000028ccf023dd0_0;
    %parti/s 3, 4, 4;
    %store/vec4 v0000028ccf09c020_0, 0, 3;
    %load/vec4 v0000028ccf023dd0_0;
    %parti/s 4, 0, 2;
    %store/vec4 v0000028ccefd6530_0, 0, 4;
T_0.40 ;
    %jmp T_0.28;
T_0.8 ;
    %load/vec4 v0000028ccf024310_0;
    %cmpi/e 0, 0, 1;
    %jmp/0xz  T_0.41, 4;
    %load/vec4 v0000028ccf023dd0_0;
    %parti/s 3, 7, 4;
    %store/vec4 v0000028ccf042a90_0, 0, 3;
    %load/vec4 v0000028ccf023dd0_0;
    %parti/s 3, 4, 4;
    %store/vec4 v0000028ccf09c020_0, 0, 3;
    %load/vec4 v0000028ccf023dd0_0;
    %parti/s 3, 1, 2;
    %store/vec4 v0000028ccf09c0c0_0, 0, 3;
    %jmp T_0.42;
T_0.41 ;
    %load/vec4 v0000028ccf023dd0_0;
    %parti/s 3, 7, 4;
    %store/vec4 v0000028ccf042a90_0, 0, 3;
    %load/vec4 v0000028ccf023dd0_0;
    %parti/s 3, 4, 4;
    %store/vec4 v0000028ccf09c020_0, 0, 3;
    %load/vec4 v0000028ccf023dd0_0;
    %parti/s 4, 0, 2;
    %store/vec4 v0000028ccefd6530_0, 0, 4;
T_0.42 ;
    %jmp T_0.28;
T_0.9 ;
    %load/vec4 v0000028ccf024310_0;
    %cmpi/e 0, 0, 1;
    %jmp/0xz  T_0.43, 4;
    %load/vec4 v0000028ccf023dd0_0;
    %parti/s 3, 7, 4;
    %store/vec4 v0000028ccf042a90_0, 0, 3;
    %load/vec4 v0000028ccf023dd0_0;
    %parti/s 3, 4, 4;
    %store/vec4 v0000028ccf09c020_0, 0, 3;
    %load/vec4 v0000028ccf023dd0_0;
    %parti/s 3, 1, 2;
    %store/vec4 v0000028ccf09c0c0_0, 0, 3;
    %jmp T_0.44;
T_0.43 ;
    %load/vec4 v0000028ccf023dd0_0;
    %parti/s 3, 7, 4;
    %store/vec4 v0000028ccf042a90_0, 0, 3;
    %load/vec4 v0000028ccf023dd0_0;
    %parti/s 3, 4, 4;
    %store/vec4 v0000028ccf09c020_0, 0, 3;
    %load/vec4 v0000028ccf023dd0_0;
    %parti/s 4, 0, 2;
    %store/vec4 v0000028ccefd6530_0, 0, 4;
T_0.44 ;
    %jmp T_0.28;
T_0.10 ;
    %load/vec4 v0000028ccf024310_0;
    %cmpi/e 0, 0, 1;
    %jmp/0xz  T_0.45, 4;
    %load/vec4 v0000028ccf023dd0_0;
    %parti/s 3, 7, 4;
    %store/vec4 v0000028ccf042a90_0, 0, 3;
    %load/vec4 v0000028ccf023dd0_0;
    %parti/s 3, 4, 4;
    %store/vec4 v0000028ccf09c020_0, 0, 3;
    %load/vec4 v0000028ccf023dd0_0;
    %parti/s 3, 1, 2;
    %store/vec4 v0000028ccf09c0c0_0, 0, 3;
    %jmp T_0.46;
T_0.45 ;
    %load/vec4 v0000028ccf023dd0_0;
    %parti/s 3, 7, 4;
    %store/vec4 v0000028ccf042a90_0, 0, 3;
    %load/vec4 v0000028ccf023dd0_0;
    %parti/s 3, 4, 4;
    %store/vec4 v0000028ccf09c020_0, 0, 3;
    %load/vec4 v0000028ccf023dd0_0;
    %parti/s 4, 0, 2;
    %store/vec4 v0000028ccefd6530_0, 0, 4;
T_0.46 ;
    %jmp T_0.28;
T_0.11 ;
    %load/vec4 v0000028ccf024310_0;
    %cmpi/e 0, 0, 1;
    %jmp/0xz  T_0.47, 4;
    %load/vec4 v0000028ccf023dd0_0;
    %parti/s 3, 7, 4;
    %store/vec4 v0000028ccf042a90_0, 0, 3;
    %jmp T_0.48;
T_0.47 ;
    %load/vec4 v0000028ccf023dd0_0;
    %parti/s 4, 6, 4;
    %store/vec4 v0000028ccefd6530_0, 0, 4;
T_0.48 ;
    %jmp T_0.28;
T_0.12 ;
    %load/vec4 v0000028ccf024310_0;
    %cmpi/e 0, 0, 1;
    %jmp/0xz  T_0.49, 4;
    %load/vec4 v0000028ccf023dd0_0;
    %parti/s 3, 7, 4;
    %store/vec4 v0000028ccf042a90_0, 0, 3;
    %jmp T_0.50;
T_0.49 ;
    %load/vec4 v0000028ccf023dd0_0;
    %parti/s 4, 6, 4;
    %store/vec4 v0000028ccefd6530_0, 0, 4;
T_0.50 ;
    %jmp T_0.28;
T_0.13 ;
    %load/vec4 v0000028ccf024310_0;
    %cmpi/e 0, 0, 1;
    %jmp/0xz  T_0.51, 4;
    %load/vec4 v0000028ccf023dd0_0;
    %parti/s 3, 7, 4;
    %store/vec4 v0000028ccf042a90_0, 0, 3;
    %jmp T_0.52;
T_0.51 ;
    %load/vec4 v0000028ccf023dd0_0;
    %parti/s 4, 6, 4;
    %store/vec4 v0000028ccefd6530_0, 0, 4;
T_0.52 ;
    %jmp T_0.28;
T_0.14 ;
    %load/vec4 v0000028ccf023dd0_0;
    %parti/s 3, 7, 4;
    %store/vec4 v0000028ccf042a90_0, 0, 3;
    %load/vec4 v0000028ccf023dd0_0;
    %parti/s 4, 3, 3;
    %store/vec4 v0000028ccefd6530_0, 0, 4;
    %jmp T_0.28;
T_0.15 ;
    %load/vec4 v0000028ccf023dd0_0;
    %parti/s 4, 6, 4;
    %store/vec4 v0000028ccefd6530_0, 0, 4;
    %load/vec4 v0000028ccf023dd0_0;
    %parti/s 3, 3, 3;
    %store/vec4 v0000028ccf042a90_0, 0, 3;
    %jmp T_0.28;
T_0.16 ;
    %load/vec4 v0000028ccf023dd0_0;
    %parti/s 6, 4, 4;
    %store/vec4 v0000028ccf023e70_0, 0, 6;
    %jmp T_0.28;
T_0.17 ;
    %load/vec4 v0000028ccf023dd0_0;
    %parti/s 6, 4, 4;
    %store/vec4 v0000028ccf023e70_0, 0, 6;
    %jmp T_0.28;
T_0.18 ;
    %load/vec4 v0000028ccf023dd0_0;
    %parti/s 6, 4, 4;
    %store/vec4 v0000028ccf023e70_0, 0, 6;
    %jmp T_0.28;
T_0.19 ;
    %load/vec4 v0000028ccf023dd0_0;
    %parti/s 6, 4, 4;
    %store/vec4 v0000028ccf023e70_0, 0, 6;
    %jmp T_0.28;
T_0.20 ;
    %load/vec4 v0000028ccf023dd0_0;
    %parti/s 6, 4, 4;
    %store/vec4 v0000028ccf023e70_0, 0, 6;
    %jmp T_0.28;
T_0.21 ;
    %load/vec4 v0000028ccf024310_0;
    %cmpi/e 0, 0, 1;
    %jmp/0xz  T_0.53, 4;
    %load/vec4 v0000028ccf023dd0_0;
    %parti/s 3, 7, 4;
    %store/vec4 v0000028ccf042a90_0, 0, 3;
    %load/vec4 v0000028ccf023dd0_0;
    %parti/s 3, 4, 4;
    %store/vec4 v0000028ccf09c200_0, 0, 3;
    %jmp T_0.54;
T_0.53 ;
    %load/vec4 v0000028ccf023dd0_0;
    %parti/s 4, 6, 4;
    %store/vec4 v0000028ccefd6530_0, 0, 4;
    %load/vec4 v0000028ccf023dd0_0;
    %parti/s 3, 3, 3;
    %store/vec4 v0000028ccf09c200_0, 0, 3;
T_0.54 ;
    %jmp T_0.28;
T_0.22 ;
    %load/vec4 v0000028ccf024310_0;
    %cmpi/e 0, 0, 1;
    %jmp/0xz  T_0.55, 4;
    %load/vec4 v0000028ccf023dd0_0;
    %parti/s 3, 7, 4;
    %store/vec4 v0000028ccf042a90_0, 0, 3;
    %load/vec4 v0000028ccf023dd0_0;
    %parti/s 3, 4, 4;
    %store/vec4 v0000028ccf09c200_0, 0, 3;
    %jmp T_0.56;
T_0.55 ;
    %load/vec4 v0000028ccf023dd0_0;
    %parti/s 4, 6, 4;
    %store/vec4 v0000028ccefd6530_0, 0, 4;
    %load/vec4 v0000028ccf023dd0_0;
    %parti/s 3, 3, 3;
    %store/vec4 v0000028ccf09c200_0, 0, 3;
T_0.56 ;
    %jmp T_0.28;
T_0.23 ;
    %load/vec4 v0000028ccf024310_0;
    %cmpi/e 0, 0, 1;
    %jmp/0xz  T_0.57, 4;
    %load/vec4 v0000028ccf023dd0_0;
    %parti/s 3, 7, 4;
    %store/vec4 v0000028ccf042a90_0, 0, 3;
    %load/vec4 v0000028ccf023dd0_0;
    %parti/s 3, 4, 4;
    %store/vec4 v0000028ccf09c200_0, 0, 3;
    %jmp T_0.58;
T_0.57 ;
    %load/vec4 v0000028ccf023dd0_0;
    %parti/s 4, 6, 4;
    %store/vec4 v0000028ccefd6530_0, 0, 4;
    %load/vec4 v0000028ccf023dd0_0;
    %parti/s 3, 3, 3;
    %store/vec4 v0000028ccf09c200_0, 0, 3;
T_0.58 ;
    %jmp T_0.28;
T_0.24 ;
    %load/vec4 v0000028ccf024310_0;
    %cmpi/e 0, 0, 1;
    %jmp/0xz  T_0.59, 4;
    %load/vec4 v0000028ccf023dd0_0;
    %parti/s 3, 7, 4;
    %store/vec4 v0000028ccf042a90_0, 0, 3;
    %load/vec4 v0000028ccf023dd0_0;
    %parti/s 3, 4, 4;
    %store/vec4 v0000028ccf09c200_0, 0, 3;
    %jmp T_0.60;
T_0.59 ;
    %load/vec4 v0000028ccf023dd0_0;
    %parti/s 4, 6, 4;
    %store/vec4 v0000028ccefd6530_0, 0, 4;
    %load/vec4 v0000028ccf023dd0_0;
    %parti/s 3, 3, 3;
    %store/vec4 v0000028ccf09c200_0, 0, 3;
T_0.60 ;
    %jmp T_0.28;
T_0.25 ;
    %load/vec4 v0000028ccf024310_0;
    %cmpi/e 0, 0, 1;
    %jmp/0xz  T_0.61, 4;
    %load/vec4 v0000028ccf023dd0_0;
    %parti/s 3, 7, 4;
    %store/vec4 v0000028ccf042a90_0, 0, 3;
    %load/vec4 v0000028ccf023dd0_0;
    %parti/s 3, 4, 4;
    %store/vec4 v0000028ccf09c200_0, 0, 3;
    %jmp T_0.62;
T_0.61 ;
    %load/vec4 v0000028ccf023dd0_0;
    %parti/s 4, 6, 4;
    %store/vec4 v0000028ccefd6530_0, 0, 4;
    %load/vec4 v0000028ccf023dd0_0;
    %parti/s 3, 3, 3;
    %store/vec4 v0000028ccf09c200_0, 0, 3;
T_0.62 ;
    %jmp T_0.28;
T_0.26 ;
    %load/vec4 v0000028ccf024310_0;
    %cmpi/e 0, 0, 1;
    %jmp/0xz  T_0.63, 4;
    %load/vec4 v0000028ccf023dd0_0;
    %parti/s 3, 7, 4;
    %store/vec4 v0000028ccf042a90_0, 0, 3;
    %load/vec4 v0000028ccf023dd0_0;
    %parti/s 3, 4, 4;
    %store/vec4 v0000028ccf09c200_0, 0, 3;
    %jmp T_0.64;
T_0.63 ;
    %load/vec4 v0000028ccf023dd0_0;
    %parti/s 4, 6, 4;
    %store/vec4 v0000028ccefd6530_0, 0, 4;
    %load/vec4 v0000028ccf023dd0_0;
    %parti/s 3, 3, 3;
    %store/vec4 v0000028ccf09c200_0, 0, 3;
T_0.64 ;
    %jmp T_0.28;
T_0.28 ;
    %pop/vec4 1;
T_0.0 ;
    %jmp T_0;
    .thread T_0, $push;
    .scope S_0000028ccf023960;
T_1 ;
    %delay 50, 0;
    %load/vec4 v0000028ccf09c340_0;
    %inv;
    %store/vec4 v0000028ccf09c340_0, 0, 1;
    %jmp T_1;
    .thread T_1;
    .scope S_0000028ccf023960;
T_2 ;
    %pushi/vec4 0, 0, 1;
    %store/vec4 v0000028ccf09c340_0, 0, 1;
    %vpi_func 2 36 "$fopen" 32, "instruct.txt", "r" {0 0 0};
    %store/vec4 v0000028ccf09c480_0, 0, 32;
    %load/vec4 v0000028ccf09c480_0;
    %cmpi/e 0, 0, 32;
    %jmp/0xz  T_2.0, 4;
    %vpi_call 2 38 "$display", "Failed to open file." {0 0 0};
    %vpi_call 2 39 "$finish" {0 0 0};
T_2.0 ;
    %vpi_func 2 41 "$fopen" 32, "output.txt", "w" {0 0 0};
    %store/vec4 v0000028ccf09c930_0, 0, 32;
    %load/vec4 v0000028ccf09c930_0;
    %cmpi/e 0, 0, 32;
    %jmp/0xz  T_2.2, 4;
    %vpi_call 2 43 "$display", "Failed to open output file." {0 0 0};
    %vpi_call 2 44 "$fclose", v0000028ccf09c480_0 {0 0 0};
    %vpi_call 2 45 "$finish" {0 0 0};
T_2.2 ;
T_2.4 ;
    %vpi_func 2 50 "$feof" 32, v0000028ccf09c480_0 {0 0 0};
    %nor/r;
    %flag_set/vec4 8;
    %jmp/0xz T_2.5, 8;
    %vpi_func 2 51 "$fscanf" 32, v0000028ccf09c480_0, "%b\012", v0000028ccf09c520_0 {0 0 0};
    %store/vec4 v0000028ccf09d290_0, 0, 32;
    %delay 100, 0;
    %vpi_call 2 53 "$fwrite", v0000028ccf09c930_0, "Instruction: %b\012", v0000028ccf09c520_0 {0 0 0};
    %vpi_call 2 54 "$fwrite", v0000028ccf09c930_0, "Opcode: %b\012", v0000028ccf09cc50_0 {0 0 0};
    %vpi_call 2 55 "$fwrite", v0000028ccf09c930_0, "Addressing Mode: %b\012", v0000028ccf09c2a0_0 {0 0 0};
    %vpi_call 2 56 "$fwrite", v0000028ccf09c930_0, "rd: %b, rs1: %b, rs2: %b\012", v0000028ccf09d470_0, v0000028ccf09cbb0_0, v0000028ccf09ccf0_0 {0 0 0};
    %vpi_call 2 57 "$fwrite", v0000028ccf09c930_0, "Data_mem: %b\012", v0000028ccf09c3e0_0 {0 0 0};
    %vpi_call 2 58 "$fwrite", v0000028ccf09c930_0, "Instruction_mem:%b\012", v0000028ccf09c9d0_0 {0 0 0};
    %vpi_call 2 59 "$fwrite", v0000028ccf09c930_0, "s_r_amount:%b\012", v0000028ccf09cd90_0 {0 0 0};
    %vpi_call 2 60 "$fwrite", v0000028ccf09c930_0, "\012" {0 0 0};
    %jmp T_2.4;
T_2.5 ;
    %vpi_call 2 64 "$fclose", v0000028ccf09c480_0 {0 0 0};
    %vpi_call 2 65 "$fclose", v0000028ccf09c930_0 {0 0 0};
    %vpi_call 2 66 "$finish" {0 0 0};
    %end;
    .thread T_2;
# The file index is used to find the file name in the following table.
:file_names 4;
    "N/A";
    "<interactive>";
    "decodertb.v";
    "./decoder2.v";
